<?xml version="1.0" encoding="UTF-8"?>
<!-- Generated by org.testng.reporters.JUnitReportReporter -->
<testsuite skipped="0" hostname="DESKTOP-6UIHJ6U" name="tdd.DataProviderEx" tests="3" failures="0" timestamp="16 Jan 2020 03:26:19 GMT" time="0.025" errors="0">
  <testcase name="loginWithDP" time="0.019" classname="tdd.DataProviderEx"/>
  <testcase name="loginWithDP" time="0.003" classname="tdd.DataProviderEx"/>
  <testcase name="loginWithDP" time="0.003" classname="tdd.DataProviderEx"/>
</testsuite> <!-- tdd.DataProviderEx -->
