<?xml version="1.0" encoding="UTF-8"?>
<!-- Generated by org.testng.reporters.JUnitReportReporter -->
<testsuite skipped="0" hostname="DESKTOP-6UIHJ6U" name="tdd.NewTest1" tests="2" failures="0" timestamp="15 Jan 2020 06:58:13 GMT" time="18.615" errors="0">
  <testcase name="m1" time="17.275" classname="tdd.NewTest1"/>
  <testcase name="m2" time="1.340" classname="tdd.NewTest1"/>
</testsuite> <!-- tdd.NewTest1 -->
