<?xml version="1.0" encoding="UTF-8"?>
<!-- Generated by org.testng.reporters.JUnitReportReporter -->
<testsuite skipped="0" hostname="DESKTOP-6UIHJ6U" name="tdd.AssertionsEx" tests="1" failures="0" timestamp="14 Jan 2020 03:15:10 GMT" time="0.163" errors="0">
  <testcase name="t1" time="0.163" classname="tdd.AssertionsEx"/>
</testsuite> <!-- tdd.AssertionsEx -->
