<?xml version="1.0" encoding="UTF-8"?>
<!-- Generated by org.testng.reporters.JUnitReportReporter -->
<testsuite skipped="0" hostname="DESKTOP-6UIHJ6U" name="tdd.DependsOnMethodEx" tests="3" failures="0" timestamp="09 Jan 2020 02:56:45 GMT" time="0.019" errors="0">
  <testcase name="m2" time="0.002" classname="tdd.DependsOnMethodEx"/>
  <testcase name="m1" time="0.003" classname="tdd.DependsOnMethodEx"/>
  <testcase name="m3" time="0.014" classname="tdd.DependsOnMethodEx"/>
</testsuite> <!-- tdd.DependsOnMethodEx -->
