<?xml version="1.0" encoding="UTF-8"?>
<!-- Generated by org.testng.reporters.JUnitReportReporter -->
<testsuite skipped="0" hostname="DESKTOP-6UIHJ6U" name="tdd.Test1" tests="5" failures="0" timestamp="08 Jan 2020 03:15:46 GMT" time="0.018" errors="0">
  <testcase name="m1" time="0.003" classname="tdd.Test1"/>
  <testcase name="m1" time="0.003" classname="tdd.Test1"/>
  <testcase name="m1" time="0.002" classname="tdd.Test1"/>
  <testcase name="m1" time="0.010" classname="tdd.Test1"/>
  <testcase name="m1" time="0.000" classname="tdd.Test1"/>
</testsuite> <!-- tdd.Test1 -->
