<?xml version="1.0" encoding="UTF-8"?>
<!-- Generated by org.testng.reporters.JUnitReportReporter -->
<testsuite skipped="1" hostname="DESKTOP-6UIHJ6U" name="tdd.GroupingEx" tests="3" failures="0" timestamp="10 Jan 2020 03:29:17 GMT" time="0.056" errors="0">
  <testcase name="test1" time="0.015" classname="tdd.GroupingEx"/>
  <testcase name="test3" time="0.041" classname="tdd.GroupingEx"/>
  <testcase name="test4" classname="tdd.GroupingEx">
    <skipped/>
  </testcase> <!-- test4 -->
</testsuite> <!-- tdd.GroupingEx -->
